# JRE version: Java(TM) SE Runtime Environment (8.0_91-b14) (build 1.8.0_91-b14)
# Java VM: Java HotSpot(TM) 64-Bit Server VM (25.91-b14 mixed mode windows-amd64 compressed oops)
Heap:
 PSYoungGen      total 351232K, used 281228K [0x00000006c3c00000, 0x00000006dc480000, 0x00000007c0000000)
  eden space 331776K, 78% used [0x00000006c3c00000,0x00000006d3ba79a0,0x00000006d8000000)
  from space 19456K, 99% used [0x00000006d9600000,0x00000006da8fba50,0x00000006da900000)
  to   space 22528K, 0% used [0x00000006d8000000,0x00000006d8000000,0x00000006d9600000)
 ParOldGen       total 790016K, used 28664K [0x00000004cb400000, 0x00000004fb780000, 0x00000006c3c00000)
  object space 790016K, 3% used [0x00000004cb400000,0x00000004ccffe160,0x00000004fb780000)
 Metaspace       used 77180K, capacity 85840K, committed 86064K, reserved 1124352K
  class space    used 10199K, capacity 11474K, committed 11568K, reserved 1048576K
GC Heap History (10 events):
Event: 2.232 GC heap before
{Heap before GC invocations=5 (full 2):
 PSYoungGen      total 226304K, used 14186K [0x00000006c3c00000, 0x00000006d8680000, 0x00000007c0000000)
  eden space 194048K, 0% used [0x00000006c3c00000,0x00000006c3c00000,0x00000006cf980000)
  from space 32256K, 43% used [0x00000006cf980000,0x00000006d075a9c8,0x00000006d1900000)
  to   space 32256K, 0% used [0x00000006d6700000,0x00000006d6700000,0x00000006d8680000)
 ParOldGen       total 316928K, used 9110K [0x00000004cb400000, 0x00000004de980000, 0x00000006c3c00000)
  object space 316928K, 2% used [0x00000004cb400000,0x00000004cbce5b08,0x00000004de980000)
 Metaspace       used 33268K, capacity 35398K, committed 35496K, reserved 1079296K
  class space    used 4574K, capacity 4908K, committed 4912K, reserved 1048576K
Event: 2.250 GC heap after
Heap after GC invocations=5 (full 2):
 PSYoungGen      total 226304K, used 0K [0x00000006c3c00000, 0x00000006d8680000, 0x00000007c0000000)
  eden space 194048K, 0% used [0x00000006c3c00000,0x00000006c3c00000,0x00000006cf980000)
  from space 32256K, 0% used [0x00000006cf980000,0x00000006cf980000,0x00000006d1900000)
  to   space 32256K, 0% used [0x00000006d6700000,0x00000006d6700000,0x00000006d8680000)
 ParOldGen       total 548352K, used 19311K [0x00000004cb400000, 0x00000004ecb80000, 0x00000006c3c00000)
  object space 548352K, 3% used [0x00000004cb400000,0x00000004cc6dbf58,0x00000004ecb80000)
 Metaspace       used 33263K, capacity 35386K, committed 35496K, reserved 1079296K
  class space    used 4573K, capacity 4906K, committed 4912K, reserved 1048576K
}
Event: 3.128 GC heap before
{Heap before GC invocations=6 (full 2):
 PSYoungGen      total 226304K, used 194048K [0x00000006c3c00000, 0x00000006d8680000, 0x00000007c0000000)
  eden space 194048K, 100% used [0x00000006c3c00000,0x00000006cf980000,0x00000006cf980000)
  from space 32256K, 0% used [0x00000006cf980000,0x00000006cf980000,0x00000006d1900000)
  to   space 32256K, 0% used [0x00000006d6700000,0x00000006d6700000,0x00000006d8680000)
 ParOldGen       total 548352K, used 19311K [0x00000004cb400000, 0x00000004ecb80000, 0x00000006c3c00000)
  object space 548352K, 3% used [0x00000004cb400000,0x00000004cc6dbf58,0x00000004ecb80000)
 Metaspace       used 42129K, capacity 44500K, committed 44592K, reserved 1087488K
  class space    used 5783K, capacity 6186K, committed 6192K, reserved 1048576K
Event: 3.134 GC heap after
Heap after GC invocations=6 (full 2):
 PSYoungGen      total 261632K, used 12181K [0x00000006c3c00000, 0x00000006d7300000, 0x00000007c0000000)
  eden space 249344K, 0% used [0x00000006c3c00000,0x00000006c3c00000,0x00000006d2f80000)
  from space 12288K, 99% used [0x00000006d6700000,0x00000006d72e57d0,0x00000006d7300000)
  to   space 32256K, 0% used [0x00000006d3400000,0x00000006d3400000,0x00000006d5380000)
 ParOldGen       total 548352K, used 19319K [0x00000004cb400000, 0x00000004ecb80000, 0x00000006c3c00000)
  object space 548352K, 3% used [0x00000004cb400000,0x00000004cc6ddf58,0x00000004ecb80000)
 Metaspace       used 42129K, capacity 44500K, committed 44592K, reserved 1087488K
  class space    used 5783K, capacity 6186K, committed 6192K, reserved 1048576K
}
Event: 3.719 GC heap before
{Heap before GC invocations=7 (full 2):
 PSYoungGen      total 261632K, used 205955K [0x00000006c3c00000, 0x00000006d7300000, 0x00000007c0000000)
  eden space 249344K, 77% used [0x00000006c3c00000,0x00000006cf93b438,0x00000006d2f80000)
  from space 12288K, 99% used [0x00000006d6700000,0x00000006d72e57d0,0x00000006d7300000)
  to   space 32256K, 0% used [0x00000006d3400000,0x00000006d3400000,0x00000006d5380000)
 ParOldGen       total 548352K, used 19319K [0x00000004cb400000, 0x00000004ecb80000, 0x00000006c3c00000)
  object space 548352K, 3% used [0x00000004cb400000,0x00000004cc6ddf58,0x00000004ecb80000)
 Metaspace       used 55581K, capacity 59020K, committed 59160K, reserved 1099776K
  class space    used 7483K, capacity 8018K, committed 8112K, reserved 1048576K
Event: 3.728 GC heap after
Heap after GC invocations=7 (full 2):
 PSYoungGen      total 286208K, used 19545K [0x00000006c3c00000, 0x00000006da900000, 0x00000007c0000000)
  eden space 253952K, 0% used [0x00000006c3c00000,0x00000006c3c00000,0x00000006d3400000)
  from space 32256K, 60% used [0x00000006d3400000,0x00000006d4716508,0x00000006d5380000)
  to   space 19456K, 0% used [0x00000006d9600000,0x00000006d9600000,0x00000006da900000)
 ParOldGen       total 548352K, used 19327K [0x00000004cb400000, 0x00000004ecb80000, 0x00000006c3c00000)
  object space 548352K, 3% used [0x00000004cb400000,0x00000004cc6dff58,0x00000004ecb80000)
 Metaspace       used 55581K, capacity 59020K, committed 59160K, reserved 1099776K
  class space    used 7483K, capacity 8018K, committed 8112K, reserved 1048576K
}
Event: 3.728 GC heap before
{Heap before GC invocations=8 (full 3):
 PSYoungGen      total 286208K, used 19545K [0x00000006c3c00000, 0x00000006da900000, 0x00000007c0000000)
  eden space 253952K, 0% used [0x00000006c3c00000,0x00000006c3c00000,0x00000006d3400000)
  from space 32256K, 60% used [0x00000006d3400000,0x00000006d4716508,0x00000006d5380000)
  to   space 19456K, 0% used [0x00000006d9600000,0x00000006d9600000,0x00000006da900000)
 ParOldGen       total 548352K, used 19327K [0x00000004cb400000, 0x00000004ecb80000, 0x00000006c3c00000)
  object space 548352K, 3% used [0x00000004cb400000,0x00000004cc6dff58,0x00000004ecb80000)
 Metaspace       used 55581K, capacity 59020K, committed 59160K, reserved 1099776K
  class space    used 7483K, capacity 8018K, committed 8112K, reserved 1048576K
Event: 3.788 GC heap after
Heap after GC invocations=8 (full 3):
 PSYoungGen      total 286208K, used 0K [0x00000006c3c00000, 0x00000006da900000, 0x00000007c0000000)
  eden space 253952K, 0% used [0x00000006c3c00000,0x00000006c3c00000,0x00000006d3400000)
  from space 32256K, 0% used [0x00000006d3400000,0x00000006d3400000,0x00000006d5380000)
  to   space 19456K, 0% used [0x00000006d9600000,0x00000006d9600000,0x00000006da900000)
 ParOldGen       total 790016K, used 27860K [0x00000004cb400000, 0x00000004fb780000, 0x00000006c3c00000)
  object space 790016K, 3% used [0x00000004cb400000,0x00000004ccf352a8,0x00000004fb780000)
 Metaspace       used 55443K, capacity 58664K, committed 59160K, reserved 1099776K
  class space    used 7438K, capacity 7952K, committed 8112K, reserved 1048576K
}
Event: 4.115 GC heap before
{Heap before GC invocations=9 (full 3):
 PSYoungGen      total 286208K, used 253952K [0x00000006c3c00000, 0x00000006da900000, 0x00000007c0000000)
  eden space 253952K, 100% used [0x00000006c3c00000,0x00000006d3400000,0x00000006d3400000)
  from space 32256K, 0% used [0x00000006d3400000,0x00000006d3400000,0x00000006d5380000)
  to   space 19456K, 0% used [0x00000006d9600000,0x00000006d9600000,0x00000006da900000)
 ParOldGen       total 790016K, used 27860K [0x00000004cb400000, 0x00000004fb780000, 0x00000006c3c00000)
  object space 790016K, 3% used [0x00000004cb400000,0x00000004ccf352a8,0x00000004fb780000)
 Metaspace       used 65422K, capacity 72070K, committed 72240K, reserved 1112064K
  class space    used 8761K, capacity 9713K, committed 9776K, reserved 1048576K
Event: 4.131 GC heap after
Heap after GC invocations=9 (full 3):
 PSYoungGen      total 351232K, used 19438K [0x00000006c3c00000, 0x00000006dc480000, 0x00000007c0000000)
  eden space 331776K, 0% used [0x00000006c3c00000,0x00000006c3c00000,0x00000006d8000000)
  from space 19456K, 99% used [0x00000006d9600000,0x00000006da8fba50,0x00000006da900000)
  to   space 22528K, 0% used [0x00000006d8000000,0x00000006d8000000,0x00000006d9600000)
 ParOldGen       total 790016K, used 28664K [0x00000004cb400000, 0x00000004fb780000, 0x00000006c3c00000)
  object space 790016K, 3% used [0x00000004cb400000,0x00000004ccffe160,0x00000004fb780000)
 Metaspace       used 65422K, capacity 72070K, committed 72240K, reserved 1112064K
  class space    used 8761K, capacity 9713K, committed 9776K, reserved 1048576K
}

